<?xml version="1.0" encoding="UTF-8"?>
<!-- Generated by org.testng.reporters.JUnitReportReporter -->
<testsuite hostname="DESKTOP-S4UIQ7V" failures="0" tests="1" name="com.SauceDemo.TestClass.TC04_VerifyAllproductFunctionality" time="10.610" errors="0" timestamp="2022-10-08T17:15:11 IST" skipped="0">
  <testcase classname="com.SauceDemo.TestClass.TC04_VerifyAllproductFunctionality" name="Allproductfunctionality" time="10.610"/>
  <system-out/>
</testsuite> <!-- com.SauceDemo.TestClass.TC04_VerifyAllproductFunctionality -->
